
Showing logs for build [32mcb-kubecd-environment-pr-193-34-g2zsp-1[0m stage [32mfrom-build-pack[0m and container [32mstep-credential-initializer-bgmmw[0m
{"level":"warn","ts":1585897249.882359,"logger":"fallback-logger","caller":"logging/config.go:69","msg":"Fetch GitHub commit ID from kodata failed: \"ref: refs/heads/0.8.0-**-support-backwards-incompats\" is not a valid GitHub commit ID"}
{"level":"info","ts":1585897249.8832324,"logger":"fallback-logger","caller":"creds-init/main.go:40","msg":"Credentials initialized."}

Showing logs for build [32mcb-kubecd-environment-pr-193-34-g2zsp-1[0m stage [32mfrom-build-pack[0m and container [32mstep-working-dir-initializer-mfb8x[0m
{"level":"warn","ts":1585897250.8869913,"logger":"fallback-logger","caller":"logging/config.go:69","msg":"Fetch GitHub commit ID from kodata failed: open /var/run/ko/HEAD: no such file or directory"}
{"level":"info","ts":1585897250.8887734,"logger":"fallback-logger","caller":"bash/main.go:64","msg":"Successfully executed command \"sh -c mkdir -p /workspace/source\"; output "}

Showing logs for build [32mcb-kubecd-environment-pr-193-34-g2zsp-1[0m stage [32mfrom-build-pack[0m and container [32mstep-place-tools[0m

Showing logs for build [32mcb-kubecd-environment-pr-193-34-g2zsp-1[0m stage [32mfrom-build-pack[0m and container [32mstep-git-source-cb-kubecd-environment-pr-193-34-g2zsp-gf68k[0m
{"level":"warn","ts":1585897254.9145582,"logger":"fallback-logger","caller":"logging/config.go:69","msg":"Fetch GitHub commit ID from kodata failed: \"ref: refs/heads/0.8.0-**-support-backwards-incompats\" is not a valid GitHub commit ID"}
{"level":"info","ts":1585897256.00896,"logger":"fallback-logger","caller":"git/git.go:103","msg":"Successfully cloned https://github.com/cb-kubecd/environment-pr-193-34-boot-vault-gke-staging.git @ master in path /workspace/source"}

Showing logs for build [32mcb-kubecd-environment-pr-193-34-g2zsp-1[0m stage [32mfrom-build-pack[0m and container [32mstep-git-merge[0m
Using SHAs from PULL_REFS=master:6357270f05b6f1b74f7bb93a2a06992fa287ca9c,2:680113f002d8587dee9cda86d41ddabe52fda02e
DEBUG: JX_LOG_LEVEL=error LC_ALL=C git fetch origin --unshallow 680113f002d8587dee9cda86d41ddabe52fda02e: 6357270f05b6f1b74f7bb93a2a06992fa287ca9c:
DEBUG: ran git fetch --unshallow origin 680113f002d8587dee9cda86d41ddabe52fda02e: 6357270f05b6f1b74f7bb93a2a06992fa287ca9c: in 
DEBUG: LC_ALL=C JX_LOG_LEVEL=error git branch
DEBUG: JX_LOG_LEVEL=error LC_ALL=C git checkout master
DEBUG: ran git checkout master in 
DEBUG: LC_ALL=C JX_LOG_LEVEL=error git reset --hard 6357270f05b6f1b74f7bb93a2a06992fa287ca9c
DEBUG: ran git reset --hard 6357270f05b6f1b74f7bb93a2a06992fa287ca9c in 
DEBUG: LC_ALL=C JX_LOG_LEVEL=error git clean -fd .
DEBUG: ran clean --force -d . in 
DEBUG: JX_LOG_LEVEL=error LC_ALL=C git merge 680113f002d8587dee9cda86d41ddabe52fda02e
DEBUG: ran git merge 680113f002d8587dee9cda86d41ddabe52fda02e in 
DEBUG: JX_LOG_LEVEL=error LC_ALL=C git log --format=%H%x1f%an%x1f%ae%x1f%cn%x1f%ce%x1f%s%n%b%x1e 6357270f05b6f1b74f7bb93a2a06992fa287ca9c..HEAD
Merged SHA 680113f002d8587dee9cda86d41ddabe52fda02e with commit message 'chore: Promote bdd-sbhg-1585896881 to version 0.0.1' into base branch master

Showing logs for build [32mcb-kubecd-environment-pr-193-34-g2zsp-1[0m stage [32mfrom-build-pack[0m and container [32mstep-build-helm-build[0m
WARNING: No $CHART_REPOSITORY defined so using the default value of: http://jenkins-x-chartmuseum:8080
Adding missing Helm repo: storage.googleapis.com https://storage.googleapis.com/chartmuseum.jenkins-x.io
WARNING: No secrets found on "helm/repos" due: reading the secret "helm/repos" from vault: no secret "helm/repos" not found in vault
Read credentials for https://storage.googleapis.com/chartmuseum.jenkins-x.io from vault helm/repos
Successfully added Helm repository storage.googleapis.com.
Adding missing Helm repo: jenkins-x-chartmuseum http://jenkins-x-chartmuseum:8080
WARNING: No secrets found on "helm/repos" due: reading the secret "helm/repos" from vault: no secret "helm/repos" not found in vault
Read credentials for http://jenkins-x-chartmuseum:8080 from vault helm/repos
Successfully added Helm repository jenkins-x-chartmuseum.
WARNING: No $CHART_REPOSITORY defined so using the default value of: http://jenkins-x-chartmuseum:8080
Adding missing Helm repo: chartmuseum.jenkins-x.io http://chartmuseum.jenkins-x.io
WARNING: No secrets found on "helm/repos" due: reading the secret "helm/repos" from vault: no secret "helm/repos" not found in vault
Read credentials for http://chartmuseum.jenkins-x.io from vault helm/repos
Successfully added Helm repository chartmuseum.jenkins-x.io.
